********************************************************************************
*                    Monday, December 11, 2017 11:08:07 PM                     *
********************************************************************************
CSharpCompilerWrapper.exe version: 2.0.3.30
Platform: Windows
Target assembly: Assembly-CSharp.dll
Project directory: E:\UnityRepos\BlockBreaker
Target profile directory: E:\Unity\Editor\Data\Mono\lib\mono\unity
Unity 'Data' or 'Frameworks' directory: E:/Unity/Editor/Data
Compiler: Microsoft C# 6.0

- Compilation -----------------------------------------------

Process: E:\UnityRepos\BlockBreaker\CSharp60Support\Roslyn\csc.exe
Arguments: -nostdlib+ -noconfig -nologo -r:"E:\Unity\Editor\Data\Mono\lib\mono\unity\mscorlib.dll" -r:"E:\Unity\Editor\Data\Mono\lib\mono\unity\System.dll" -r:"E:\Unity\Editor\Data\Mono\lib\mono\unity\System.Core.dll" -r:"E:\Unity\Editor\Data\Mono\lib\mono\unity\System.Xml.dll" @Temp/UnityTempFile-c2b0da96cfab0e44ba53dc0d501ee89e 
Exit code: 0
Elapsed time: 41.59 sec

- Compiler output (0 lines):

- Compiler errors (0 lines):

- PDB to MDB conversion --------------------------------------

Process: E:\UnityRepos\BlockBreaker\CSharp60Support\Roslyn\pdb2mdb.exe
Arguments: Temp\Assembly-CSharp.dll
Exit code: 0
Elapsed time: 0.82 sec

- pdb2mdb.exe output (0 lines):
********************************************************************************
*                    Monday, December 11, 2017 11:09:02 PM                     *
********************************************************************************
CSharpCompilerWrapper.exe version: 2.0.3.30
Platform: Windows
Target assembly: Assembly-CSharp-Editor.dll
Project directory: E:\UnityRepos\BlockBreaker
Target profile directory: E:\Unity\Editor\Data\MonoBleedingEdge\lib\mono\2.0-api
Unity 'Data' or 'Frameworks' directory: E:/Unity/Editor/Data
Compiler: Microsoft C# 6.0

- Compilation -----------------------------------------------

Process: E:\UnityRepos\BlockBreaker\CSharp60Support\Roslyn\csc.exe
Arguments: -nostdlib+ -noconfig -nologo -r:"E:\Unity\Editor\Data\MonoBleedingEdge\lib\mono\2.0-api\mscorlib.dll" -r:"E:\Unity\Editor\Data\MonoBleedingEdge\lib\mono\2.0-api\System.dll" -r:"E:\Unity\Editor\Data\MonoBleedingEdge\lib\mono\2.0-api\System.Core.dll" -r:"E:\Unity\Editor\Data\MonoBleedingEdge\lib\mono\2.0-api\System.Xml.dll" @Temp/UnityTempFile-1f229c958d6cc5e478fb08955c3dbb30 
Exit code: 0
Elapsed time: 3.28 sec

- Compiler output (0 lines):

- Compiler errors (0 lines):

- PDB to MDB conversion --------------------------------------

Process: E:\UnityRepos\BlockBreaker\CSharp60Support\Roslyn\pdb2mdb.exe
Arguments: Temp\Assembly-CSharp-Editor.dll
Exit code: 0
Elapsed time: 0.06 sec

- pdb2mdb.exe output (0 lines):
